{"id":"mxgxf8rtja","timestamp":"2026-04-13T14:11:38.306Z","severity":"CRITICAL","ruleId":"ERROR_BUDGET_BURN","message":"Error budget burning: 7.55% > SLA target 1%","data":{"rate":"0.0755"}}
{"id":"7i3jwhsjlna","timestamp":"2026-04-13T14:11:48.297Z","severity":"CRITICAL","ruleId":"HIGH_ERROR_COUNT","message":"6 errors/5min (threshold 5)","data":{"ERROR":6,"total":88}}
{"id":"5mtiez7jo0l","timestamp":"2026-04-13T14:11:58.297Z","severity":"WARNING","ruleId":"HIGH_WARN_COUNT","message":"16 warnings/5min (threshold 10)","data":{"WARN":16}}
{"id":"8bbtytjjtkx","timestamp":"2026-04-13T14:11:58.297Z","severity":"CRITICAL","ruleId":"ERROR_VELOCITY","message":"Error rate increasing at 18.0/min","data":{"velocity":"18.01"}}
{"id":"qhnx4vg9q7h","timestamp":"2026-04-13T14:12:42.920Z","severity":"WARNING","ruleId":"RT_FORCED_ANOMALY","message":"[Real-time] Injected anomaly via UI","data":{}}
{"id":"ukmhacozw8f","timestamp":"2026-04-13T14:12:48.342Z","severity":"WARNING","ruleId":"ANOMALY_FORCED_ANOMALY","message":"Injected anomaly via UI","data":{"zScore":null,"responseTime":null,"service":"dashboard"}}
{"id":"gf77dysd09t","timestamp":"2026-04-13T14:12:51.213Z","severity":"WARNING","ruleId":"RT_SLOW_REQUEST","message":"[Real-time] Response 2085ms exceeds IQR fence (5ms) for api-gateway","data":{}}
{"id":"k3dk09vh8it","timestamp":"2026-04-13T14:12:58.355Z","severity":"WARNING","ruleId":"ANOMALY_SLOW_REQUEST","message":"Response 2085ms exceeds IQR fence (5ms) for api-gateway","data":{"zScore":null,"responseTime":2085,"service":"api-gateway"}}
{"id":"bknak121bcp","timestamp":"2026-04-13T14:13:00.836Z","severity":"CRITICAL","ruleId":"PAYMENT_ERROR_RT","message":"Real-time payment error: Payment gateway timeout","data":{"service":"order-service","traceId":"71de890c0d98c67e"}}
{"id":"mi1w69vzwkf","timestamp":"2026-04-13T14:15:21.900Z","severity":"WARNING","ruleId":"RT_SLOW_REQUEST","message":"[Real-time] Response 5037ms exceeds IQR fence (5ms) for auth-service","data":{}}
{"id":"5u9p4mgd79o","timestamp":"2026-04-13T14:15:28.450Z","severity":"WARNING","ruleId":"ANOMALY_SLOW_REQUEST","message":"Response 5037ms exceeds IQR fence (5ms) for auth-service","data":{"zScore":null,"responseTime":5037,"service":"auth-service"}}
{"id":"8a65zhd26jt","timestamp":"2026-04-13T14:16:38.478Z","severity":"CRITICAL","ruleId":"ERROR_BUDGET_BURN","message":"Error budget burning: 8.85% > SLA target 1%","data":{"rate":"0.0885"}}
{"id":"5ik5vqtxfas","timestamp":"2026-04-13T14:16:48.492Z","severity":"CRITICAL","ruleId":"HIGH_ERROR_COUNT","message":"125 errors/5min (threshold 5)","data":{"ERROR":125,"total":1426}}
{"id":"h1a6j57ep1","timestamp":"2026-04-13T14:16:58.499Z","severity":"WARNING","ruleId":"HIGH_WARN_COUNT","message":"134 warnings/5min (threshold 10)","data":{"WARN":134}}
{"id":"fvcqstz98hn","timestamp":"2026-04-13T14:16:58.500Z","severity":"CRITICAL","ruleId":"ERROR_VELOCITY","message":"Error rate increasing at 14.0/min","data":{"velocity":"13.99"}}
{"id":"41qrur5h8zx","timestamp":"2026-04-13T14:17:22.653Z","severity":"CRITICAL","ruleId":"RT_SLOW_REQUEST","message":"[Real-time] Response 4601ms exceeds IQR fence (5ms) for auth-service","data":{},"escalated":true}
{"id":"jzlwg5ilhw","timestamp":"2026-04-13T14:17:28.519Z","severity":"CRITICAL","ruleId":"ANOMALY_SLOW_REQUEST","message":"Response 4601ms exceeds IQR fence (5ms) for auth-service","data":{"zScore":null,"responseTime":4601,"service":"auth-service"},"escalated":true}
{"id":"3gg7f50ae0o","timestamp":"2026-04-13T14:18:02.460Z","severity":"CRITICAL","ruleId":"PAYMENT_ERROR_RT","message":"Real-time payment error: Payment gateway timeout","data":{"service":"order-service","traceId":"95639301692af23f"}}
{"id":"h522cv08sph","timestamp":"2026-04-13T14:18:53.087Z","severity":"CRITICAL","ruleId":"RT_SLOW_REQUEST","message":"[Real-time] Response 5650ms exceeds IQR fence (5ms) for order-service","data":{},"escalated":true}
{"id":"ydfx4cpfy7","timestamp":"2026-04-13T14:18:58.577Z","severity":"CRITICAL","ruleId":"ANOMALY_SLOW_REQUEST","message":"Response 5650ms exceeds IQR fence (5ms) for order-service","data":{"zScore":null,"responseTime":5650,"service":"order-service"},"escalated":true}
{"id":"dchwbknoewo","timestamp":"2026-04-13T14:20:53.772Z","severity":"CRITICAL","ruleId":"RT_SLOW_REQUEST","message":"[Real-time] Response 6490ms exceeds IQR fence (5ms) for order-service","data":{},"escalated":true}
{"id":"kijx0dt3oc8","timestamp":"2026-04-13T14:20:58.669Z","severity":"CRITICAL","ruleId":"ANOMALY_SLOW_REQUEST","message":"Response 6490ms exceeds IQR fence (5ms) for order-service","data":{"zScore":null,"responseTime":6490,"service":"order-service"},"escalated":true}
{"id":"ou31lwkv3ke","timestamp":"2026-04-13T14:21:38.688Z","severity":"CRITICAL","ruleId":"ERROR_BUDGET_BURN","message":"Error budget burning: 8.82% > SLA target 1%","data":{"rate":"0.0882"}}
{"id":"52uf2nrq3tl","timestamp":"2026-04-13T14:21:48.695Z","severity":"CRITICAL","ruleId":"HIGH_ERROR_COUNT","message":"123 errors/5min (threshold 5)","data":{"ERROR":123,"total":1331}}
{"id":"4x1tcbhb4j","timestamp":"2026-04-13T14:21:54.066Z","severity":"CRITICAL","ruleId":"RT_SLOW_REQUEST","message":"[Real-time] Response 6158ms exceeds IQR fence (5ms) for order-service","data":{},"escalated":true}
{"id":"df2zem28uy7","timestamp":"2026-04-13T14:21:58.709Z","severity":"CRITICAL","ruleId":"HIGH_WARN_COUNT","message":"131 warnings/5min (threshold 10)","data":{"WARN":131},"escalated":true}
{"id":"uocjdz741uk","timestamp":"2026-04-13T14:21:58.709Z","severity":"CRITICAL","ruleId":"ERROR_VELOCITY","message":"Error rate increasing at 12.7/min","data":{"velocity":"12.66"}}
{"id":"mtjnph83ooo","timestamp":"2026-04-13T14:21:58.710Z","severity":"CRITICAL","ruleId":"ANOMALY_SLOW_REQUEST","message":"Response 6158ms exceeds IQR fence (5ms) for order-service","data":{"zScore":null,"responseTime":6158,"service":"order-service"},"escalated":true}
{"id":"js788h1yju","timestamp":"2026-04-13T18:19:34.986Z","severity":"CRITICAL","ruleId":"ERROR_BUDGET_BURN","message":"Error budget burning: 9.38% > SLA target 1%","data":{"rate":"0.0938"}}
{"id":"b0jtiw4ktg","timestamp":"2026-04-13T18:19:46.715Z","severity":"CRITICAL","ruleId":"PAYMENT_ERROR_RT","message":"Real-time payment error: Payment gateway timeout","data":{"service":"order-service","traceId":"f4eaba2a396bf63b"}}
{"id":"wu33x8gqim","timestamp":"2026-04-13T18:19:55.000Z","severity":"CRITICAL","ruleId":"HIGH_WARN_COUNT","message":"11 warnings/5min (threshold 10)","data":{"WARN":11},"escalated":true}
{"id":"4hfox41u6ei","timestamp":"2026-04-13T18:20:05.005Z","severity":"CRITICAL","ruleId":"HIGH_ERROR_COUNT","message":"8 errors/5min (threshold 5)","data":{"ERROR":8,"total":143}}
{"id":"m2n48fg92x","timestamp":"2026-04-13T18:20:55.037Z","severity":"CRITICAL","ruleId":"ERROR_VELOCITY","message":"Error rate increasing at 15.3/min","data":{"velocity":"15.33"}}
