{"id":"15a323e7adf5","timestamp":"2026-04-13T14:06:07.873Z","type":"FORCED_ANOMALY","severity":"WARNING","service":"dashboard","description":"Injected anomaly via UI"}
{"id":"e9bcdc0d2cb0","timestamp":"2026-04-13T14:12:42.921Z","type":"FORCED_ANOMALY","severity":"WARNING","service":"dashboard","description":"Injected anomaly via UI"}
{"id":"4fd4d51ef9c1","timestamp":"2026-04-13T14:12:51.216Z","type":"SLOW_REQUEST","severity":"WARNING","responseTime":2085,"fence":5,"service":"api-gateway","description":"Response 2085ms exceeds IQR fence (5ms) for api-gateway"}
{"id":"c41e0a3611f8","timestamp":"2026-04-13T14:15:21.898Z","type":"SLOW_REQUEST","severity":"WARNING","responseTime":5037,"fence":5,"service":"auth-service","description":"Response 5037ms exceeds IQR fence (5ms) for auth-service"}
{"id":"adc788409e74","timestamp":"2026-04-13T14:17:22.655Z","type":"SLOW_REQUEST","severity":"WARNING","responseTime":4601,"fence":5,"service":"auth-service","description":"Response 4601ms exceeds IQR fence (5ms) for auth-service"}
{"id":"1d2c4c9294df","timestamp":"2026-04-13T14:18:53.090Z","type":"SLOW_REQUEST","severity":"WARNING","responseTime":5650,"fence":5,"service":"order-service","description":"Response 5650ms exceeds IQR fence (5ms) for order-service"}
{"id":"dc5ff3bd6c8d","timestamp":"2026-04-13T14:20:53.772Z","type":"SLOW_REQUEST","severity":"WARNING","responseTime":6490,"fence":5,"service":"order-service","description":"Response 6490ms exceeds IQR fence (5ms) for order-service"}
{"id":"68696ee2697b","timestamp":"2026-04-13T14:21:54.066Z","type":"SLOW_REQUEST","severity":"WARNING","responseTime":6158,"fence":5,"service":"order-service","description":"Response 6158ms exceeds IQR fence (5ms) for order-service"}
{"id":"31ba28baf01b","timestamp":"2026-04-15T14:51:55.385Z","type":"FORCED_ANOMALY","severity":"WARNING","service":"dashboard","description":"Injected anomaly via UI"}
{"id":"7d296d9e22bf","timestamp":"2026-04-15T15:02:01.237Z","type":"SLOW_REQUEST","severity":"WARNING","responseTime":3612,"fence":5,"service":"auth-service","description":"Response 3612ms exceeds IQR fence (5ms) for auth-service"}
{"id":"a09228ff2906","timestamp":"2026-04-15T15:04:02.036Z","type":"SLOW_REQUEST","severity":"WARNING","responseTime":5315,"fence":5,"service":"order-service","description":"Response 5315ms exceeds IQR fence (5ms) for order-service"}
{"id":"6cb6a00231ed","timestamp":"2026-04-15T15:09:03.954Z","type":"SLOW_REQUEST","severity":"WARNING","responseTime":6303,"fence":9,"service":"order-service","description":"Response 6303ms exceeds IQR fence (9ms) for order-service"}
{"id":"ba45247b5233","timestamp":"2026-04-15T15:09:34.100Z","type":"SLOW_REQUEST","severity":"WARNING","responseTime":4035,"fence":5,"service":"auth-service","description":"Response 4035ms exceeds IQR fence (5ms) for auth-service"}
{"id":"80b619f71cf4","timestamp":"2026-04-15T15:10:34.439Z","type":"SLOW_REQUEST","severity":"WARNING","responseTime":5764,"fence":5,"service":"order-service","description":"Response 5764ms exceeds IQR fence (5ms) for order-service"}
{"id":"e5248253a279","timestamp":"2026-04-15T15:10:34.443Z","type":"SLOW_REQUEST","severity":"WARNING","responseTime":3375,"fence":5,"service":"api-gateway","description":"Response 3375ms exceeds IQR fence (5ms) for api-gateway"}
{"id":"456493967e03","timestamp":"2026-04-15T15:10:34.445Z","type":"SLOW_REQUEST","severity":"WARNING","responseTime":3629,"fence":5,"service":"api-gateway","description":"Response 3629ms exceeds IQR fence (5ms) for api-gateway"}
{"id":"5b77b3a7bf50","timestamp":"2026-04-15T15:10:34.448Z","type":"SLOW_REQUEST","severity":"WARNING","responseTime":3079,"fence":5,"service":"auth-service","description":"Response 3079ms exceeds IQR fence (5ms) for auth-service"}
{"id":"a23360e5cc94","timestamp":"2026-04-15T15:13:17.566Z","type":"SLOW_REQUEST","severity":"WARNING","responseTime":2190,"fence":5,"service":"order-service","description":"Response 2190ms exceeds IQR fence (5ms) for order-service"}
{"id":"61deaaba8c06","timestamp":"2026-04-15T15:13:47.726Z","type":"SLOW_REQUEST","severity":"WARNING","responseTime":3675,"fence":5,"service":"auth-service","description":"Response 3675ms exceeds IQR fence (5ms) for auth-service"}
{"id":"04d71e0568e5","timestamp":"2026-04-15T15:14:10.103Z","type":"FORCED_ANOMALY","severity":"WARNING","service":"dashboard","description":"Injected anomaly via UI"}
{"id":"b31d33aa0c5d","timestamp":"2026-04-15T15:14:22.357Z","type":"FORCED_ANOMALY","severity":"WARNING","service":"dashboard","description":"Injected anomaly via UI"}
{"id":"02e6e1744cab","timestamp":"2026-04-15T15:14:23.068Z","type":"FORCED_ANOMALY","severity":"WARNING","service":"dashboard","description":"Injected anomaly via UI"}
{"id":"ecaa272ef77a","timestamp":"2026-04-15T15:14:26.279Z","type":"FORCED_ANOMALY","severity":"WARNING","service":"dashboard","description":"Injected anomaly via UI"}
{"id":"a71369a9e15d","timestamp":"2026-04-15T15:14:27.166Z","type":"FORCED_ANOMALY","severity":"WARNING","service":"dashboard","description":"Injected anomaly via UI"}
{"id":"919b3f80bba5","timestamp":"2026-04-15T15:14:28.048Z","type":"FORCED_ANOMALY","severity":"WARNING","service":"dashboard","description":"Injected anomaly via UI"}
{"id":"9961e4db2853","timestamp":"2026-04-15T15:15:48.490Z","type":"SLOW_REQUEST","severity":"WARNING","responseTime":5167,"fence":5,"service":"auth-service","description":"Response 5167ms exceeds IQR fence (5ms) for auth-service"}
{"id":"ea09604b6986","timestamp":"2026-04-15T15:16:48.860Z","type":"SLOW_REQUEST","severity":"WARNING","responseTime":2147,"fence":5,"service":"api-gateway","description":"Response 2147ms exceeds IQR fence (5ms) for api-gateway"}
{"id":"70f0276c473b","timestamp":"2026-04-15T16:11:16.867Z","type":"SLOW_REQUEST","severity":"WARNING","responseTime":5575,"fence":5,"service":"order-service","description":"Response 5575ms exceeds IQR fence (5ms) for order-service"}
{"id":"eb08cc7cc2d2","timestamp":"2026-04-15T16:12:47.286Z","type":"SLOW_REQUEST","severity":"WARNING","responseTime":3381,"fence":5,"service":"auth-service","description":"Response 3381ms exceeds IQR fence (5ms) for auth-service"}
{"id":"7c9d62057dd3","timestamp":"2026-04-15T16:13:17.449Z","type":"SLOW_REQUEST","severity":"WARNING","responseTime":4515,"fence":5,"service":"api-gateway","description":"Response 4515ms exceeds IQR fence (5ms) for api-gateway"}
{"id":"97f6455adcb0","timestamp":"2026-04-15T16:16:48.539Z","type":"SLOW_REQUEST","severity":"WARNING","responseTime":2122,"fence":5,"service":"api-gateway","description":"Response 2122ms exceeds IQR fence (5ms) for api-gateway"}
{"id":"02193daa43d6","timestamp":"2026-04-15T16:16:48.542Z","type":"SLOW_REQUEST","severity":"WARNING","responseTime":4085,"fence":5,"service":"api-gateway","description":"Response 4085ms exceeds IQR fence (5ms) for api-gateway"}
{"id":"2de2d00365c7","timestamp":"2026-04-15T16:19:19.452Z","type":"SLOW_REQUEST","severity":"WARNING","responseTime":4527,"fence":5,"service":"auth-service","description":"Response 4527ms exceeds IQR fence (5ms) for auth-service"}
{"id":"34eeb6413a12","timestamp":"2026-04-15T16:19:19.455Z","type":"SLOW_REQUEST","severity":"WARNING","responseTime":3567,"fence":5,"service":"api-gateway","description":"Response 3567ms exceeds IQR fence (5ms) for api-gateway"}
{"id":"8af6d3861f77","timestamp":"2026-04-15T16:22:50.718Z","type":"SLOW_REQUEST","severity":"WARNING","responseTime":5867,"fence":5,"service":"order-service","description":"Response 5867ms exceeds IQR fence (5ms) for order-service"}
{"id":"ce57dba50399","timestamp":"2026-04-15T16:24:51.430Z","type":"SLOW_REQUEST","severity":"WARNING","responseTime":5901,"fence":9,"service":"order-service","description":"Response 5901ms exceeds IQR fence (9ms) for order-service"}
{"id":"4cf9b1a11ea4","timestamp":"2026-04-15T16:25:51.847Z","type":"SLOW_REQUEST","severity":"WARNING","responseTime":3804,"fence":9,"service":"api-gateway","description":"Response 3804ms exceeds IQR fence (9ms) for api-gateway"}
{"id":"52b38c25a4c7","timestamp":"2026-04-15T16:26:22.040Z","type":"SLOW_REQUEST","severity":"WARNING","responseTime":3522,"fence":9,"service":"auth-service","description":"Response 3522ms exceeds IQR fence (9ms) for auth-service"}
{"id":"fd3a26a00fdd","timestamp":"2026-04-15T16:26:22.044Z","type":"SLOW_REQUEST","severity":"WARNING","responseTime":3706,"fence":9,"service":"api-gateway","description":"Response 3706ms exceeds IQR fence (9ms) for api-gateway"}
{"id":"17f0b8f344b5","timestamp":"2026-04-15T16:28:52.886Z","type":"SLOW_REQUEST","severity":"WARNING","responseTime":2005,"fence":9,"service":"api-gateway","description":"Response 2005ms exceeds IQR fence (9ms) for api-gateway"}
{"id":"2498d9329dfb","timestamp":"2026-04-15T16:30:23.474Z","type":"SLOW_REQUEST","severity":"WARNING","responseTime":2185,"fence":9,"service":"order-service","description":"Response 2185ms exceeds IQR fence (9ms) for order-service"}
{"id":"7c2c6bc17500","timestamp":"2026-04-15T16:30:53.637Z","type":"SLOW_REQUEST","severity":"WARNING","responseTime":3303,"fence":9,"service":"auth-service","description":"Response 3303ms exceeds IQR fence (9ms) for auth-service"}
{"id":"cb6b48f231b2","timestamp":"2026-04-15T16:31:53.978Z","type":"SLOW_REQUEST","severity":"WARNING","responseTime":2229,"fence":9,"service":"order-service","description":"Response 2229ms exceeds IQR fence (9ms) for order-service"}
{"id":"8a498e6e8c11","timestamp":"2026-04-15T16:34:24.962Z","type":"SLOW_REQUEST","severity":"WARNING","responseTime":2001,"fence":9,"service":"api-gateway","description":"Response 2001ms exceeds IQR fence (9ms) for api-gateway"}
{"id":"75f58e422abe","timestamp":"2026-04-15T16:34:55.122Z","type":"SLOW_REQUEST","severity":"WARNING","responseTime":6207,"fence":9,"service":"order-service","description":"Response 6207ms exceeds IQR fence (9ms) for order-service"}
{"id":"05a9da184201","timestamp":"2026-04-15T16:35:55.492Z","type":"SLOW_REQUEST","severity":"WARNING","responseTime":4844,"fence":9,"service":"api-gateway","description":"Response 4844ms exceeds IQR fence (9ms) for api-gateway"}
{"id":"c3e9b369ad1a","timestamp":"2026-04-15T16:38:26.365Z","type":"SLOW_REQUEST","severity":"WARNING","responseTime":5568,"fence":9,"service":"order-service","description":"Response 5568ms exceeds IQR fence (9ms) for order-service"}
{"id":"a51588afb062","timestamp":"2026-04-15T16:39:56.934Z","type":"SLOW_REQUEST","severity":"WARNING","responseTime":5864,"fence":9,"service":"order-service","description":"Response 5864ms exceeds IQR fence (9ms) for order-service"}
{"id":"fb6cc56809d4","timestamp":"2026-04-15T16:42:57.938Z","type":"SLOW_REQUEST","severity":"WARNING","responseTime":3102,"fence":9,"service":"auth-service","description":"Response 3102ms exceeds IQR fence (9ms) for auth-service"}
{"id":"e6351bf355ec","timestamp":"2026-04-15T16:42:57.941Z","type":"SLOW_REQUEST","severity":"WARNING","responseTime":3109,"fence":9,"service":"auth-service","description":"Response 3109ms exceeds IQR fence (9ms) for auth-service"}
{"id":"9877725b7224","timestamp":"2026-04-15T16:43:49.786Z","type":"ERROR_SPIKE","zScore":2.58,"currentRate":43,"baseline":20.4,"stdDev":8.75,"severity":"WARNING","service":"order-service","description":"Error rate 43/min is 2.6σ above baseline (20.4/min)"}
{"id":"36bb1f93dbd0","timestamp":"2026-04-15T16:43:49.787Z","type":"ERROR_SPIKE","zScore":2.58,"currentRate":43,"baseline":20.4,"stdDev":8.75,"severity":"WARNING","service":"log-monitor-app","description":"Error rate 43/min is 2.6σ above baseline (20.4/min)"}
{"id":"361be6f71a7e","timestamp":"2026-04-15T16:48:29.972Z","type":"SLOW_REQUEST","severity":"WARNING","responseTime":4697,"fence":9,"service":"auth-service","description":"Response 4697ms exceeds IQR fence (9ms) for auth-service"}
{"id":"a813d24d4084","timestamp":"2026-04-15T16:48:29.975Z","type":"SLOW_REQUEST","severity":"WARNING","responseTime":3572,"fence":9,"service":"api-gateway","description":"Response 3572ms exceeds IQR fence (9ms) for api-gateway"}
{"id":"13f9ff1898db","timestamp":"2026-04-15T16:50:00.529Z","type":"SLOW_REQUEST","severity":"WARNING","responseTime":5078,"fence":5,"service":"api-gateway","description":"Response 5078ms exceeds IQR fence (5ms) for api-gateway"}
{"id":"ea85762b2ae1","timestamp":"2026-04-15T16:50:30.666Z","type":"SLOW_REQUEST","severity":"WARNING","responseTime":5685,"fence":9,"service":"api-gateway","description":"Response 5685ms exceeds IQR fence (9ms) for api-gateway"}
{"id":"fd5b6c4391ca","timestamp":"2026-04-15T16:50:30.668Z","type":"SLOW_REQUEST","severity":"WARNING","responseTime":2351,"fence":9,"service":"order-service","description":"Response 2351ms exceeds IQR fence (9ms) for order-service"}
{"id":"7e6088aff822","timestamp":"2026-04-15T16:51:00.859Z","type":"SLOW_REQUEST","severity":"WARNING","responseTime":5145,"fence":9,"service":"auth-service","description":"Response 5145ms exceeds IQR fence (9ms) for auth-service"}
{"id":"94873a83a344","timestamp":"2026-04-15T16:52:31.435Z","type":"SLOW_REQUEST","severity":"WARNING","responseTime":2236,"fence":9,"service":"order-service","description":"Response 2236ms exceeds IQR fence (9ms) for order-service"}
{"id":"bc028874f10e","timestamp":"2026-04-15T16:53:01.608Z","type":"SLOW_REQUEST","severity":"WARNING","responseTime":3362,"fence":9,"service":"api-gateway","description":"Response 3362ms exceeds IQR fence (9ms) for api-gateway"}
{"id":"e26444d8acdf","timestamp":"2026-04-15T16:54:02.000Z","type":"SLOW_REQUEST","severity":"WARNING","responseTime":5663,"fence":9,"service":"order-service","description":"Response 5663ms exceeds IQR fence (9ms) for order-service"}
{"id":"2427e1eadd43","timestamp":"2026-04-15T16:54:32.200Z","type":"SLOW_REQUEST","severity":"WARNING","responseTime":3753,"fence":9,"service":"api-gateway","description":"Response 3753ms exceeds IQR fence (9ms) for api-gateway"}
{"id":"a4d1a1711a5c","timestamp":"2026-04-15T16:54:32.204Z","type":"SLOW_REQUEST","severity":"WARNING","responseTime":2052,"fence":9,"service":"order-service","description":"Response 2052ms exceeds IQR fence (9ms) for order-service"}
{"id":"740c7caa3ac9","timestamp":"2026-04-15T16:56:02.722Z","type":"SLOW_REQUEST","severity":"WARNING","responseTime":5853,"fence":9,"service":"api-gateway","description":"Response 5853ms exceeds IQR fence (9ms) for api-gateway"}
{"id":"b35bc595d287","timestamp":"2026-04-15T16:57:03.123Z","type":"SLOW_REQUEST","severity":"WARNING","responseTime":5760,"fence":9,"service":"order-service","description":"Response 5760ms exceeds IQR fence (9ms) for order-service"}
{"id":"7bc16b4a6478","timestamp":"2026-04-15T16:58:33.692Z","type":"SLOW_REQUEST","severity":"WARNING","responseTime":5220,"fence":9,"service":"order-service","description":"Response 5220ms exceeds IQR fence (9ms) for order-service"}
{"id":"85752a7010f2","timestamp":"2026-04-15T16:59:03.893Z","type":"SLOW_REQUEST","severity":"WARNING","responseTime":5700,"fence":9,"service":"order-service","description":"Response 5700ms exceeds IQR fence (9ms) for order-service"}
{"id":"142e3ee4b03d","timestamp":"2026-04-15T17:01:34.639Z","type":"SLOW_REQUEST","severity":"WARNING","responseTime":4203,"fence":5,"service":"auth-service","description":"Response 4203ms exceeds IQR fence (5ms) for auth-service"}
{"id":"3ca57c60f462","timestamp":"2026-04-15T17:02:04.849Z","type":"SLOW_REQUEST","severity":"WARNING","responseTime":6169,"fence":5,"service":"order-service","description":"Response 6169ms exceeds IQR fence (5ms) for order-service"}
{"id":"7fe3b514cbd2","timestamp":"2026-04-15T17:03:05.208Z","type":"SLOW_REQUEST","severity":"WARNING","responseTime":5516,"fence":5,"service":"order-service","description":"Response 5516ms exceeds IQR fence (5ms) for order-service"}
{"id":"c6b929994ea6","timestamp":"2026-04-15T17:04:05.575Z","type":"SLOW_REQUEST","severity":"WARNING","responseTime":3547,"fence":5,"service":"api-gateway","description":"Response 3547ms exceeds IQR fence (5ms) for api-gateway"}
{"id":"b8110ac93380","timestamp":"2026-04-15T17:04:35.786Z","type":"SLOW_REQUEST","severity":"WARNING","responseTime":2114,"fence":5,"service":"api-gateway","description":"Response 2114ms exceeds IQR fence (5ms) for api-gateway"}
{"id":"cb2333ef13a6","timestamp":"2026-04-15T17:07:06.669Z","type":"SLOW_REQUEST","severity":"WARNING","responseTime":3593,"fence":5,"service":"api-gateway","description":"Response 3593ms exceeds IQR fence (5ms) for api-gateway"}
{"id":"245818ae63ff","timestamp":"2026-04-15T17:09:07.340Z","type":"SLOW_REQUEST","severity":"WARNING","responseTime":2044,"fence":5,"service":"api-gateway","description":"Response 2044ms exceeds IQR fence (5ms) for api-gateway"}
{"id":"c47e2428ae54","timestamp":"2026-04-15T17:10:37.797Z","type":"SLOW_REQUEST","severity":"WARNING","responseTime":3104,"fence":5,"service":"api-gateway","description":"Response 3104ms exceeds IQR fence (5ms) for api-gateway"}
{"id":"c7fe997d6ec9","timestamp":"2026-04-15T17:11:38.153Z","type":"SLOW_REQUEST","severity":"WARNING","responseTime":6189,"fence":5,"service":"order-service","description":"Response 6189ms exceeds IQR fence (5ms) for order-service"}
{"id":"9252ba320770","timestamp":"2026-04-15T17:11:38.154Z","type":"SLOW_REQUEST","severity":"WARNING","responseTime":2163,"fence":5,"service":"api-gateway","description":"Response 2163ms exceeds IQR fence (5ms) for api-gateway"}
{"id":"4ccb89fc0b32","timestamp":"2026-04-15T17:11:38.155Z","type":"SLOW_REQUEST","severity":"WARNING","responseTime":5020,"fence":5,"service":"order-service","description":"Response 5020ms exceeds IQR fence (5ms) for order-service"}
{"id":"f598e89236d0","timestamp":"2026-04-15T17:13:08.697Z","type":"SLOW_REQUEST","severity":"WARNING","responseTime":3738,"fence":9,"service":"api-gateway","description":"Response 3738ms exceeds IQR fence (9ms) for api-gateway"}
{"id":"d0a9f76d0633","timestamp":"2026-04-15T17:15:09.398Z","type":"SLOW_REQUEST","severity":"WARNING","responseTime":5801,"fence":9,"service":"api-gateway","description":"Response 5801ms exceeds IQR fence (9ms) for api-gateway"}
{"id":"1adaa1735e37","timestamp":"2026-04-15T17:16:09.740Z","type":"SLOW_REQUEST","severity":"WARNING","responseTime":5335,"fence":5,"service":"auth-service","description":"Response 5335ms exceeds IQR fence (5ms) for auth-service"}
{"id":"2932508f9fe6","timestamp":"2026-04-15T17:16:09.742Z","type":"SLOW_REQUEST","severity":"WARNING","responseTime":4406,"fence":5,"service":"auth-service","description":"Response 4406ms exceeds IQR fence (5ms) for auth-service"}
{"id":"7bb65636195d","timestamp":"2026-04-15T17:16:39.869Z","type":"SLOW_REQUEST","severity":"WARNING","responseTime":4060,"fence":5,"service":"auth-service","description":"Response 4060ms exceeds IQR fence (5ms) for auth-service"}
{"id":"3c6ad8c0ea4d","timestamp":"2026-04-15T17:19:10.734Z","type":"SLOW_REQUEST","severity":"WARNING","responseTime":6389,"fence":5,"service":"order-service","description":"Response 6389ms exceeds IQR fence (5ms) for order-service"}
{"id":"01bffe8d6c34","timestamp":"2026-04-15T17:19:10.738Z","type":"SLOW_REQUEST","severity":"WARNING","responseTime":2014,"fence":5,"service":"order-service","description":"Response 2014ms exceeds IQR fence (5ms) for order-service"}
{"id":"3a6dc85cf19b","timestamp":"2026-04-15T17:22:11.895Z","type":"SLOW_REQUEST","severity":"WARNING","responseTime":5772,"fence":9,"service":"order-service","description":"Response 5772ms exceeds IQR fence (9ms) for order-service"}
{"id":"9c34ec73ab88","timestamp":"2026-04-15T17:23:42.454Z","type":"SLOW_REQUEST","severity":"WARNING","responseTime":5697,"fence":9,"service":"order-service","description":"Response 5697ms exceeds IQR fence (9ms) for order-service"}
{"id":"22c1547ab502","timestamp":"2026-04-15T17:25:12.995Z","type":"SLOW_REQUEST","severity":"WARNING","responseTime":5349,"fence":9,"service":"auth-service","description":"Response 5349ms exceeds IQR fence (9ms) for auth-service"}
{"id":"20dfbad15bbf","timestamp":"2026-04-15T17:25:43.185Z","type":"SLOW_REQUEST","severity":"WARNING","responseTime":5739,"fence":9,"service":"order-service","description":"Response 5739ms exceeds IQR fence (9ms) for order-service"}
{"id":"7be4a0ed2791","timestamp":"2026-04-15T17:27:43.823Z","type":"SLOW_REQUEST","severity":"WARNING","responseTime":4871,"fence":5,"service":"api-gateway","description":"Response 4871ms exceeds IQR fence (5ms) for api-gateway"}
{"id":"d126b7c72eed","timestamp":"2026-04-15T17:27:43.825Z","type":"SLOW_REQUEST","severity":"WARNING","responseTime":2170,"fence":5,"service":"api-gateway","description":"Response 2170ms exceeds IQR fence (5ms) for api-gateway"}
{"id":"593277fa1d2f","timestamp":"2026-04-15T17:27:47.441Z","type":"ERROR_SPIKE","zScore":2.54,"currentRate":39,"baseline":17.65,"stdDev":8.42,"severity":"WARNING","service":"order-service","description":"Error rate 39/min is 2.5σ above baseline (17.6/min)"}
{"id":"cd0998095abd","timestamp":"2026-04-15T17:27:47.444Z","type":"ERROR_SPIKE","zScore":2.54,"currentRate":39,"baseline":17.65,"stdDev":8.42,"severity":"WARNING","service":"log-monitor-app","description":"Error rate 39/min is 2.5σ above baseline (17.6/min)"}
{"id":"a114dc11c02d","timestamp":"2026-04-15T17:27:48.648Z","type":"ERROR_SPIKE","zScore":2.54,"currentRate":39,"baseline":17.65,"stdDev":8.42,"severity":"WARNING","service":"payment-service","description":"Error rate 39/min is 2.5σ above baseline (17.6/min)"}
{"id":"3d45c21331eb","timestamp":"2026-04-15T17:27:48.650Z","type":"ERROR_SPIKE","zScore":2.54,"currentRate":39,"baseline":17.65,"stdDev":8.42,"severity":"WARNING","service":"log-monitor-app","description":"Error rate 39/min is 2.5σ above baseline (17.6/min)"}
{"id":"d61fd260c09a","timestamp":"2026-04-15T17:27:48.652Z","type":"ERROR_SPIKE","zScore":2.54,"currentRate":39,"baseline":17.65,"stdDev":8.42,"severity":"WARNING","service":"system","description":"Error rate 39/min is 2.5σ above baseline (17.6/min)"}
{"id":"541890b7f1cf","timestamp":"2026-04-15T17:27:49.852Z","type":"ERROR_SPIKE","zScore":2.54,"currentRate":39,"baseline":17.65,"stdDev":8.42,"severity":"WARNING","service":"log-monitor-app","description":"Error rate 39/min is 2.5σ above baseline (17.6/min)"}
{"id":"5d2f4c29c4cb","timestamp":"2026-04-15T17:27:49.855Z","type":"ERROR_SPIKE","zScore":2.54,"currentRate":39,"baseline":17.65,"stdDev":8.42,"severity":"WARNING","service":"log-monitor-app","description":"Error rate 39/min is 2.5σ above baseline (17.6/min)"}
{"id":"e754c695a05b","timestamp":"2026-04-15T17:27:49.857Z","type":"ERROR_SPIKE","zScore":2.54,"currentRate":39,"baseline":17.65,"stdDev":8.42,"severity":"WARNING","service":"log-monitor-app","description":"Error rate 39/min is 2.5σ above baseline (17.6/min)"}
{"id":"c7d388ce4a67","timestamp":"2026-04-15T17:27:49.859Z","type":"ERROR_SPIKE","zScore":2.54,"currentRate":39,"baseline":17.65,"stdDev":8.42,"severity":"WARNING","service":"log-monitor-app","description":"Error rate 39/min is 2.5σ above baseline (17.6/min)"}
{"id":"f2950b238977","timestamp":"2026-04-15T17:27:49.861Z","type":"ERROR_SPIKE","zScore":2.54,"currentRate":39,"baseline":17.65,"stdDev":8.42,"severity":"WARNING","service":"log-monitor-app","description":"Error rate 39/min is 2.5σ above baseline (17.6/min)"}
{"id":"5b60e5c0e31f","timestamp":"2026-04-15T17:27:49.862Z","type":"ERROR_SPIKE","zScore":2.54,"currentRate":39,"baseline":17.65,"stdDev":8.42,"severity":"WARNING","service":"log-monitor-app","description":"Error rate 39/min is 2.5σ above baseline (17.6/min)"}
{"id":"5178a625f0d8","timestamp":"2026-04-15T17:27:51.054Z","type":"ERROR_SPIKE","zScore":2.54,"currentRate":39,"baseline":17.65,"stdDev":8.42,"severity":"WARNING","service":"api-gateway","description":"Error rate 39/min is 2.5σ above baseline (17.6/min)"}
{"id":"31041d81289e","timestamp":"2026-04-15T17:27:51.057Z","type":"ERROR_SPIKE","zScore":2.54,"currentRate":39,"baseline":17.65,"stdDev":8.42,"severity":"WARNING","service":"log-monitor-app","description":"Error rate 39/min is 2.5σ above baseline (17.6/min)"}
{"id":"af9b77264839","timestamp":"2026-04-15T17:30:44.838Z","type":"SLOW_REQUEST","severity":"WARNING","responseTime":4238,"fence":5,"service":"auth-service","description":"Response 4238ms exceeds IQR fence (5ms) for auth-service"}
{"id":"335d95bcbed2","timestamp":"2026-04-15T17:32:15.294Z","type":"SLOW_REQUEST","severity":"WARNING","responseTime":2138,"fence":5,"service":"api-gateway","description":"Response 2138ms exceeds IQR fence (5ms) for api-gateway"}
{"id":"36bbd540ab72","timestamp":"2026-04-15T17:34:15.999Z","type":"SLOW_REQUEST","severity":"WARNING","responseTime":3744,"fence":5,"service":"auth-service","description":"Response 3744ms exceeds IQR fence (5ms) for auth-service"}
{"id":"9cbc48e02e49","timestamp":"2026-04-15T17:34:16.000Z","type":"SLOW_REQUEST","severity":"WARNING","responseTime":6288,"fence":5,"service":"order-service","description":"Response 6288ms exceeds IQR fence (5ms) for order-service"}
{"id":"58fceba41ac5","timestamp":"2026-04-15T17:35:46.530Z","type":"SLOW_REQUEST","severity":"WARNING","responseTime":5290,"fence":5,"service":"api-gateway","description":"Response 5290ms exceeds IQR fence (5ms) for api-gateway"}
{"id":"df340c122991","timestamp":"2026-04-15T17:36:16.682Z","type":"SLOW_REQUEST","severity":"WARNING","responseTime":5465,"fence":5,"service":"auth-service","description":"Response 5465ms exceeds IQR fence (5ms) for auth-service"}
{"id":"0d8627f5b2e1","timestamp":"2026-04-15T17:36:46.894Z","type":"SLOW_REQUEST","severity":"WARNING","responseTime":5471,"fence":5,"service":"order-service","description":"Response 5471ms exceeds IQR fence (5ms) for order-service"}
{"id":"ef1bd050eb4b","timestamp":"2026-04-15T17:36:46.898Z","type":"SLOW_REQUEST","severity":"WARNING","responseTime":5395,"fence":5,"service":"order-service","description":"Response 5395ms exceeds IQR fence (5ms) for order-service"}
{"id":"7485303a557f","timestamp":"2026-04-15T17:36:46.899Z","type":"SLOW_REQUEST","severity":"WARNING","responseTime":4338,"fence":5,"service":"api-gateway","description":"Response 4338ms exceeds IQR fence (5ms) for api-gateway"}
{"id":"bc0757bc237c","timestamp":"2026-04-15T17:37:17.075Z","type":"SLOW_REQUEST","severity":"WARNING","responseTime":6309,"fence":5,"service":"order-service","description":"Response 6309ms exceeds IQR fence (5ms) for order-service"}
{"id":"fda7302e0752","timestamp":"2026-04-15T17:37:17.078Z","type":"SLOW_REQUEST","severity":"WARNING","responseTime":4214,"fence":5,"service":"auth-service","description":"Response 4214ms exceeds IQR fence (5ms) for auth-service"}
{"id":"76ca9b74133e","timestamp":"2026-04-15T17:37:47.279Z","type":"SLOW_REQUEST","severity":"WARNING","responseTime":3675,"fence":5,"service":"auth-service","description":"Response 3675ms exceeds IQR fence (5ms) for auth-service"}
{"id":"46acc3fee38b","timestamp":"2026-04-15T17:38:47.604Z","type":"SLOW_REQUEST","severity":"WARNING","responseTime":6214,"fence":5,"service":"order-service","description":"Response 6214ms exceeds IQR fence (5ms) for order-service"}
{"id":"03e1963d9423","timestamp":"2026-04-15T17:39:47.910Z","type":"SLOW_REQUEST","severity":"WARNING","responseTime":4703,"fence":9,"service":"api-gateway","description":"Response 4703ms exceeds IQR fence (9ms) for api-gateway"}
{"id":"63a2b3f72f32","timestamp":"2026-04-15T17:41:18.453Z","type":"SLOW_REQUEST","severity":"WARNING","responseTime":2308,"fence":9,"service":"order-service","description":"Response 2308ms exceeds IQR fence (9ms) for order-service"}
{"id":"96b638609cd0","timestamp":"2026-04-15T17:42:18.824Z","type":"SLOW_REQUEST","severity":"WARNING","responseTime":2184,"fence":5,"service":"api-gateway","description":"Response 2184ms exceeds IQR fence (5ms) for api-gateway"}
{"id":"507f1ae1e425","timestamp":"2026-04-15T17:43:19.168Z","type":"SLOW_REQUEST","severity":"WARNING","responseTime":2134,"fence":5,"service":"api-gateway","description":"Response 2134ms exceeds IQR fence (5ms) for api-gateway"}
{"id":"58972ff123bf","timestamp":"2026-04-15T17:45:19.872Z","type":"SLOW_REQUEST","severity":"WARNING","responseTime":6457,"fence":9,"service":"order-service","description":"Response 6457ms exceeds IQR fence (9ms) for order-service"}
{"id":"ba649cd8621d","timestamp":"2026-04-15T17:47:50.728Z","type":"SLOW_REQUEST","severity":"WARNING","responseTime":3943,"fence":9,"service":"api-gateway","description":"Response 3943ms exceeds IQR fence (9ms) for api-gateway"}
{"id":"9f842a38b056","timestamp":"2026-04-15T17:48:20.904Z","type":"SLOW_REQUEST","severity":"WARNING","responseTime":2027,"fence":9,"service":"api-gateway","description":"Response 2027ms exceeds IQR fence (9ms) for api-gateway"}
{"id":"df4601b274bc","timestamp":"2026-04-15T17:48:51.094Z","type":"SLOW_REQUEST","severity":"WARNING","responseTime":4825,"fence":5,"service":"api-gateway","description":"Response 4825ms exceeds IQR fence (5ms) for api-gateway"}
{"id":"5e8392266560","timestamp":"2026-04-15T17:52:22.346Z","type":"SLOW_REQUEST","severity":"WARNING","responseTime":2253,"fence":5,"service":"order-service","description":"Response 2253ms exceeds IQR fence (5ms) for order-service"}
{"id":"59bc5c3c5d35","timestamp":"2026-04-15T17:52:52.509Z","type":"SLOW_REQUEST","severity":"WARNING","responseTime":4167,"fence":5,"service":"auth-service","description":"Response 4167ms exceeds IQR fence (5ms) for auth-service"}
{"id":"efef151fbcc9","timestamp":"2026-04-15T17:54:53.327Z","type":"SLOW_REQUEST","severity":"WARNING","responseTime":5845,"fence":5,"service":"order-service","description":"Response 5845ms exceeds IQR fence (5ms) for order-service"}
{"id":"f31f2a21f78b","timestamp":"2026-04-15T17:55:53.690Z","type":"SLOW_REQUEST","severity":"WARNING","responseTime":5737,"fence":5,"service":"order-service","description":"Response 5737ms exceeds IQR fence (5ms) for order-service"}
{"id":"5caeb29a2721","timestamp":"2026-04-15T17:59:55.099Z","type":"SLOW_REQUEST","severity":"WARNING","responseTime":5079,"fence":5,"service":"order-service","description":"Response 5079ms exceeds IQR fence (5ms) for order-service"}
{"id":"b987c758a281","timestamp":"2026-04-15T18:02:56.029Z","type":"SLOW_REQUEST","severity":"WARNING","responseTime":5170,"fence":5,"service":"api-gateway","description":"Response 5170ms exceeds IQR fence (5ms) for api-gateway"}
{"id":"ee5b64a889ea","timestamp":"2026-04-15T18:04:26.565Z","type":"SLOW_REQUEST","severity":"WARNING","responseTime":5179,"fence":5,"service":"auth-service","description":"Response 5179ms exceeds IQR fence (5ms) for auth-service"}
{"id":"1db44c538f3f","timestamp":"2026-04-15T18:04:26.568Z","type":"SLOW_REQUEST","severity":"WARNING","responseTime":5033,"fence":5,"service":"order-service","description":"Response 5033ms exceeds IQR fence (5ms) for order-service"}
{"id":"f0aa1fe236ff","timestamp":"2026-04-15T18:04:56.745Z","type":"SLOW_REQUEST","severity":"WARNING","responseTime":2123,"fence":5,"service":"api-gateway","description":"Response 2123ms exceeds IQR fence (5ms) for api-gateway"}
{"id":"c7549b3e47af","timestamp":"2026-04-15T18:05:26.934Z","type":"SLOW_REQUEST","severity":"WARNING","responseTime":5292,"fence":5,"service":"auth-service","description":"Response 5292ms exceeds IQR fence (5ms) for auth-service"}
{"id":"26d93432b4df","timestamp":"2026-04-15T18:05:26.934Z","type":"SLOW_REQUEST","severity":"WARNING","responseTime":3502,"fence":5,"service":"api-gateway","description":"Response 3502ms exceeds IQR fence (5ms) for api-gateway"}
{"id":"09edea02ca0b","timestamp":"2026-04-15T18:05:26.936Z","type":"SLOW_REQUEST","severity":"WARNING","responseTime":6380,"fence":5,"service":"order-service","description":"Response 6380ms exceeds IQR fence (5ms) for order-service"}
{"id":"3d0461632f44","timestamp":"2026-04-15T18:05:48.679Z","type":"ERROR_SPIKE","zScore":2.62,"currentRate":41,"baseline":19.95,"stdDev":8.03,"severity":"WARNING","service":"order-service","description":"Error rate 41/min is 2.6σ above baseline (19.9/min)"}
{"id":"0e9a4ac01f60","timestamp":"2026-04-15T18:05:48.680Z","type":"ERROR_SPIKE","zScore":2.62,"currentRate":41,"baseline":19.95,"stdDev":8.03,"severity":"WARNING","service":"log-monitor-app","description":"Error rate 41/min is 2.6σ above baseline (19.9/min)"}
{"id":"2e7e86fa4c4c","timestamp":"2026-04-15T18:05:49.890Z","type":"ERROR_SPIKE","zScore":2.62,"currentRate":41,"baseline":19.95,"stdDev":8.03,"severity":"WARNING","service":"payment-service","description":"Error rate 41/min is 2.6σ above baseline (19.9/min)"}
{"id":"b12dd683f165","timestamp":"2026-04-15T18:05:49.891Z","type":"ERROR_SPIKE","zScore":2.62,"currentRate":41,"baseline":19.95,"stdDev":8.03,"severity":"WARNING","service":"log-monitor-app","description":"Error rate 41/min is 2.6σ above baseline (19.9/min)"}
{"id":"94d84b7ac56c","timestamp":"2026-04-15T18:05:49.893Z","type":"ERROR_SPIKE","zScore":2.74,"currentRate":42,"baseline":19.95,"stdDev":8.03,"severity":"WARNING","service":"payment-service","description":"Error rate 42/min is 2.7σ above baseline (19.9/min)"}
{"id":"3e289fba219a","timestamp":"2026-04-15T18:05:49.895Z","type":"ERROR_SPIKE","zScore":2.74,"currentRate":42,"baseline":19.95,"stdDev":8.03,"severity":"WARNING","service":"log-monitor-app","description":"Error rate 42/min is 2.7σ above baseline (19.9/min)"}
{"id":"75fdb48acca7","timestamp":"2026-04-15T18:05:49.896Z","type":"ERROR_SPIKE","zScore":2.74,"currentRate":42,"baseline":19.95,"stdDev":8.03,"severity":"WARNING","service":"system","description":"Error rate 42/min is 2.7σ above baseline (19.9/min)"}
{"id":"b2a996eedd5a","timestamp":"2026-04-15T18:05:51.104Z","type":"ERROR_SPIKE","zScore":2.74,"currentRate":42,"baseline":19.95,"stdDev":8.03,"severity":"WARNING","service":"log-monitor-app","description":"Error rate 42/min is 2.7σ above baseline (19.9/min)"}
{"id":"0a1f75869b46","timestamp":"2026-04-15T18:05:51.106Z","type":"ERROR_SPIKE","zScore":2.74,"currentRate":42,"baseline":19.95,"stdDev":8.03,"severity":"WARNING","service":"log-monitor-app","description":"Error rate 42/min is 2.7σ above baseline (19.9/min)"}
{"id":"5c8f06d7224f","timestamp":"2026-04-15T18:05:51.108Z","type":"ERROR_SPIKE","zScore":2.87,"currentRate":43,"baseline":19.95,"stdDev":8.03,"severity":"WARNING","service":"log-monitor-app","description":"Error rate 43/min is 2.9σ above baseline (19.9/min)"}
{"id":"ca73eb9caa6e","timestamp":"2026-04-15T18:05:51.110Z","type":"ERROR_SPIKE","zScore":2.87,"currentRate":43,"baseline":19.95,"stdDev":8.03,"severity":"WARNING","service":"log-monitor-app","description":"Error rate 43/min is 2.9σ above baseline (19.9/min)"}
{"id":"286243f2f001","timestamp":"2026-04-15T18:05:51.111Z","type":"ERROR_SPIKE","zScore":2.99,"currentRate":44,"baseline":19.95,"stdDev":8.03,"severity":"WARNING","service":"log-monitor-app","description":"Error rate 44/min is 3.0σ above baseline (19.9/min)"}
{"id":"8b240f98cd8a","timestamp":"2026-04-15T18:05:51.112Z","type":"ERROR_SPIKE","zScore":2.99,"currentRate":44,"baseline":19.95,"stdDev":8.03,"severity":"WARNING","service":"log-monitor-app","description":"Error rate 44/min is 3.0σ above baseline (19.9/min)"}
{"id":"f9b9f71679c1","timestamp":"2026-04-15T18:05:52.317Z","type":"ERROR_SPIKE","zScore":2.99,"currentRate":44,"baseline":19.95,"stdDev":8.03,"severity":"WARNING","service":"api-gateway","description":"Error rate 44/min is 3.0σ above baseline (19.9/min)"}
{"id":"f437e4cec17f","timestamp":"2026-04-15T18:05:52.319Z","type":"ERROR_SPIKE","zScore":2.99,"currentRate":44,"baseline":19.95,"stdDev":8.03,"severity":"WARNING","service":"log-monitor-app","description":"Error rate 44/min is 3.0σ above baseline (19.9/min)"}
{"id":"b0ab84b6d774","timestamp":"2026-04-15T18:05:52.320Z","type":"ERROR_SPIKE","zScore":2.99,"currentRate":44,"baseline":19.95,"stdDev":8.03,"severity":"WARNING","service":"api-gateway","description":"Error rate 44/min is 3.0σ above baseline (19.9/min)"}
{"id":"baf0e8d3d617","timestamp":"2026-04-15T18:05:52.321Z","type":"ERROR_SPIKE","zScore":2.99,"currentRate":44,"baseline":19.95,"stdDev":8.03,"severity":"WARNING","service":"log-monitor-app","description":"Error rate 44/min is 3.0σ above baseline (19.9/min)"}
{"id":"1e194618a354","timestamp":"2026-04-15T18:05:52.322Z","type":"ERROR_SPIKE","zScore":2.99,"currentRate":44,"baseline":19.95,"stdDev":8.03,"severity":"WARNING","service":"api-gateway","description":"Error rate 44/min is 3.0σ above baseline (19.9/min)"}
{"id":"5cd9f92bc4f5","timestamp":"2026-04-15T18:05:52.322Z","type":"ERROR_SPIKE","zScore":2.99,"currentRate":44,"baseline":19.95,"stdDev":8.03,"severity":"WARNING","service":"log-monitor-app","description":"Error rate 44/min is 3.0σ above baseline (19.9/min)"}
{"id":"44f993e553c7","timestamp":"2026-04-15T18:05:53.530Z","type":"ERROR_SPIKE","zScore":2.99,"currentRate":44,"baseline":19.95,"stdDev":8.03,"severity":"WARNING","service":"auth-service","description":"Error rate 44/min is 3.0σ above baseline (19.9/min)"}
{"id":"f953da69f658","timestamp":"2026-04-15T18:05:53.531Z","type":"ERROR_SPIKE","zScore":2.99,"currentRate":44,"baseline":19.95,"stdDev":8.03,"severity":"WARNING","service":"log-monitor-app","description":"Error rate 44/min is 3.0σ above baseline (19.9/min)"}
{"id":"382e96c4b6bd","timestamp":"2026-04-15T18:05:57.161Z","type":"SLOW_REQUEST","severity":"WARNING","responseTime":2020,"fence":5,"service":"api-gateway","description":"Response 2020ms exceeds IQR fence (5ms) for api-gateway"}
{"id":"2bce1f33a2cd","timestamp":"2026-04-15T18:06:57.506Z","type":"SLOW_REQUEST","severity":"WARNING","responseTime":5723,"fence":5,"service":"api-gateway","description":"Response 5723ms exceeds IQR fence (5ms) for api-gateway"}
{"id":"d5fd7202244a","timestamp":"2026-04-15T18:07:27.666Z","type":"SLOW_REQUEST","severity":"WARNING","responseTime":3261,"fence":5,"service":"auth-service","description":"Response 3261ms exceeds IQR fence (5ms) for auth-service"}
{"id":"498cd8074da2","timestamp":"2026-04-15T18:11:59.329Z","type":"SLOW_REQUEST","severity":"WARNING","responseTime":5680,"fence":9,"service":"order-service","description":"Response 5680ms exceeds IQR fence (9ms) for order-service"}
{"id":"977eb593c709","timestamp":"2026-04-15T18:11:59.330Z","type":"SLOW_REQUEST","severity":"WARNING","responseTime":4877,"fence":9,"service":"auth-service","description":"Response 4877ms exceeds IQR fence (9ms) for auth-service"}
